<?xml version="1.0" encoding="UTF-8"?>
<!-- Generated by org.testng.reporters.JUnitXMLReporter -->
<testsuite ignored="0" hostname="DESKTOP-8IQ6Q1E" failures="1" tests="1" name="chrometest" time="0.256" errors="0" timestamp="2020-05-06T02:43:35 EDT">
  <testcase classname="protraining.Bootcamp.newacc" name="f" time="0.034">
    <failure type="java.lang.NullPointerException">
      <![CDATA[java.lang.NullPointerException
at protraining.Bootcamp.newacc.f(newacc.java:16)
at java.base/java.util.ArrayList.forEach(ArrayList.java:1510)
... Removed 27 stack frames]]>
    </failure>
  </testcase> <!-- f -->
</testsuite> <!-- chrometest -->
